# JRE version: Java(TM) SE Runtime Environment (8.0_121-b13) (build 1.8.0_121-b13)
# Java VM: Java HotSpot(TM) 64-Bit Server VM (25.121-b13 mixed mode windows-amd64 compressed oops)
Heap:
 PSYoungGen      total 205824K, used 67684K [0x00000000eab00000, 0x00000000fbb00000, 0x0000000100000000)
  eden space 192512K, 28% used [0x00000000eab00000,0x00000000ee01a2a8,0x00000000f6700000)
  from space 13312K, 99% used [0x00000000f6700000,0x00000000f73ff070,0x00000000f7400000)
  to   space 15360K, 0% used [0x00000000fac00000,0x00000000fac00000,0x00000000fbb00000)
 ParOldGen       total 121344K, used 17991K [0x00000000c0000000, 0x00000000c7680000, 0x00000000eab00000)
  object space 121344K, 14% used [0x00000000c0000000,0x00000000c1191cb0,0x00000000c7680000)
 Metaspace       used 47019K, capacity 48210K, committed 48512K, reserved 1091584K
  class space    used 6453K, capacity 6753K, committed 6784K, reserved 1048576K
GC Heap History (10 events):
Event: 23.449 GC heap before
{Heap before GC invocations=7 (full 1):
 PSYoungGen      total 98816K, used 98805K [0x00000000eab00000, 0x00000000f4700000, 0x0000000100000000)
  eden space 90624K, 100% used [0x00000000eab00000,0x00000000f0380000,0x00000000f0380000)
  from space 8192K, 99% used [0x00000000f0380000,0x00000000f0b7d490,0x00000000f0b80000)
  to   space 11776K, 0% used [0x00000000f3b80000,0x00000000f3b80000,0x00000000f4700000)
 ParOldGen       total 82432K, used 8566K [0x00000000c0000000, 0x00000000c5080000, 0x00000000eab00000)
  object space 82432K, 10% used [0x00000000c0000000,0x00000000c085dac8,0x00000000c5080000)
 Metaspace       used 33404K, capacity 34228K, committed 34432K, reserved 1079296K
  class space    used 4671K, capacity 4911K, committed 4992K, reserved 1048576K
Event: 23.477 GC heap after
Heap after GC invocations=7 (full 1):
 PSYoungGen      total 142336K, used 11766K [0x00000000eab00000, 0x00000000f4700000, 0x0000000100000000)
  eden space 130560K, 0% used [0x00000000eab00000,0x00000000eab00000,0x00000000f2a80000)
  from space 11776K, 99% used [0x00000000f3b80000,0x00000000f46fd860,0x00000000f4700000)
  to   space 13312K, 0% used [0x00000000f2d00000,0x00000000f2d00000,0x00000000f3a00000)
 ParOldGen       total 82432K, used 8658K [0x00000000c0000000, 0x00000000c5080000, 0x00000000eab00000)
  object space 82432K, 10% used [0x00000000c0000000,0x00000000c0874bb8,0x00000000c5080000)
 Metaspace       used 33404K, capacity 34228K, committed 34432K, reserved 1079296K
  class space    used 4671K, capacity 4911K, committed 4992K, reserved 1048576K
}
Event: 24.029 GC heap before
{Heap before GC invocations=8 (full 1):
 PSYoungGen      total 142336K, used 35898K [0x00000000eab00000, 0x00000000f4700000, 0x0000000100000000)
  eden space 130560K, 18% used [0x00000000eab00000,0x00000000ec291210,0x00000000f2a80000)
  from space 11776K, 99% used [0x00000000f3b80000,0x00000000f46fd860,0x00000000f4700000)
  to   space 13312K, 0% used [0x00000000f2d00000,0x00000000f2d00000,0x00000000f3a00000)
 ParOldGen       total 82432K, used 8658K [0x00000000c0000000, 0x00000000c5080000, 0x00000000eab00000)
  object space 82432K, 10% used [0x00000000c0000000,0x00000000c0874bb8,0x00000000c5080000)
 Metaspace       used 34477K, capacity 35386K, committed 35496K, reserved 1079296K
  class space    used 4813K, capacity 5104K, committed 5120K, reserved 1048576K
Event: 24.042 GC heap after
Heap after GC invocations=8 (full 1):
 PSYoungGen      total 146432K, used 9988K [0x00000000eab00000, 0x00000000f8100000, 0x0000000100000000)
  eden space 133120K, 0% used [0x00000000eab00000,0x00000000eab00000,0x00000000f2d00000)
  from space 13312K, 75% used [0x00000000f2d00000,0x00000000f36c11b0,0x00000000f3a00000)
  to   space 13312K, 0% used [0x00000000f7400000,0x00000000f7400000,0x00000000f8100000)
 ParOldGen       total 82432K, used 8666K [0x00000000c0000000, 0x00000000c5080000, 0x00000000eab00000)
  object space 82432K, 10% used [0x00000000c0000000,0x00000000c0876bb8,0x00000000c5080000)
 Metaspace       used 34477K, capacity 35386K, committed 35496K, reserved 1079296K
  class space    used 4813K, capacity 5104K, committed 5120K, reserved 1048576K
}
Event: 24.042 GC heap before
{Heap before GC invocations=9 (full 2):
 PSYoungGen      total 146432K, used 9988K [0x00000000eab00000, 0x00000000f8100000, 0x0000000100000000)
  eden space 133120K, 0% used [0x00000000eab00000,0x00000000eab00000,0x00000000f2d00000)
  from space 13312K, 75% used [0x00000000f2d00000,0x00000000f36c11b0,0x00000000f3a00000)
  to   space 13312K, 0% used [0x00000000f7400000,0x00000000f7400000,0x00000000f8100000)
 ParOldGen       total 82432K, used 8666K [0x00000000c0000000, 0x00000000c5080000, 0x00000000eab00000)
  object space 82432K, 10% used [0x00000000c0000000,0x00000000c0876bb8,0x00000000c5080000)
 Metaspace       used 34477K, capacity 35386K, committed 35496K, reserved 1079296K
  class space    used 4813K, capacity 5104K, committed 5120K, reserved 1048576K
Event: 24.159 GC heap after
Heap after GC invocations=9 (full 2):
 PSYoungGen      total 146432K, used 0K [0x00000000eab00000, 0x00000000f8100000, 0x0000000100000000)
  eden space 133120K, 0% used [0x00000000eab00000,0x00000000eab00000,0x00000000f2d00000)
  from space 13312K, 0% used [0x00000000f2d00000,0x00000000f2d00000,0x00000000f3a00000)
  to   space 13312K, 0% used [0x00000000f7400000,0x00000000f7400000,0x00000000f8100000)
 ParOldGen       total 121344K, used 16114K [0x00000000c0000000, 0x00000000c7680000, 0x00000000eab00000)
  object space 121344K, 13% used [0x00000000c0000000,0x00000000c0fbcbe0,0x00000000c7680000)
 Metaspace       used 34447K, capacity 35266K, committed 35496K, reserved 1079296K
  class space    used 4804K, capacity 5064K, committed 5120K, reserved 1048576K
}
Event: 28.220 GC heap before
{Heap before GC invocations=10 (full 2):
 PSYoungGen      total 146432K, used 133120K [0x00000000eab00000, 0x00000000f8100000, 0x0000000100000000)
  eden space 133120K, 100% used [0x00000000eab00000,0x00000000f2d00000,0x00000000f2d00000)
  from space 13312K, 0% used [0x00000000f2d00000,0x00000000f2d00000,0x00000000f3a00000)
  to   space 13312K, 0% used [0x00000000f7400000,0x00000000f7400000,0x00000000f8100000)
 ParOldGen       total 121344K, used 16114K [0x00000000c0000000, 0x00000000c7680000, 0x00000000eab00000)
  object space 121344K, 13% used [0x00000000c0000000,0x00000000c0fbcbe0,0x00000000c7680000)
 Metaspace       used 42100K, capacity 43176K, committed 43392K, reserved 1087488K
  class space    used 5907K, capacity 6220K, committed 6272K, reserved 1048576K
Event: 28.242 GC heap after
Heap after GC invocations=10 (full 2):
 PSYoungGen      total 205824K, used 10067K [0x00000000eab00000, 0x00000000f8a80000, 0x0000000100000000)
  eden space 192512K, 0% used [0x00000000eab00000,0x00000000eab00000,0x00000000f6700000)
  from space 13312K, 75% used [0x00000000f7400000,0x00000000f7dd4ea0,0x00000000f8100000)
  to   space 13312K, 0% used [0x00000000f6700000,0x00000000f6700000,0x00000000f7400000)
 ParOldGen       total 121344K, used 16186K [0x00000000c0000000, 0x00000000c7680000, 0x00000000eab00000)
  object space 121344K, 13% used [0x00000000c0000000,0x00000000c0fcebf0,0x00000000c7680000)
 Metaspace       used 42100K, capacity 43176K, committed 43392K, reserved 1087488K
  class space    used 5907K, capacity 6220K, committed 6272K, reserved 1048576K
}
Event: 33.829 GC heap before
{Heap before GC invocations=11 (full 2):
 PSYoungGen      total 205824K, used 202579K [0x00000000eab00000, 0x00000000f8a80000, 0x0000000100000000)
  eden space 192512K, 100% used [0x00000000eab00000,0x00000000f6700000,0x00000000f6700000)
  from space 13312K, 75% used [0x00000000f7400000,0x00000000f7dd4ea0,0x00000000f8100000)
  to   space 13312K, 0% used [0x00000000f6700000,0x00000000f6700000,0x00000000f7400000)
 ParOldGen       total 121344K, used 16186K [0x00000000c0000000, 0x00000000c7680000, 0x00000000eab00000)
  object space 121344K, 13% used [0x00000000c0000000,0x00000000c0fcebf0,0x00000000c7680000)
 Metaspace       used 46929K, capacity 48006K, committed 48256K, reserved 1091584K
  class space    used 6450K, capacity 6751K, committed 6784K, reserved 1048576K
Event: 33.862 GC heap after
Heap after GC invocations=11 (full 2):
 PSYoungGen      total 205824K, used 13308K [0x00000000eab00000, 0x00000000fbb00000, 0x0000000100000000)
  eden space 192512K, 0% used [0x00000000eab00000,0x00000000eab00000,0x00000000f6700000)
  from space 13312K, 99% used [0x00000000f6700000,0x00000000f73ff070,0x00000000f7400000)
  to   space 15360K, 0% used [0x00000000fac00000,0x00000000fac00000,0x00000000fbb00000)
 ParOldGen       total 121344K, used 17991K [0x00000000c0000000, 0x00000000c7680000, 0x00000000eab00000)
  object space 121344K, 14% used [0x00000000c0000000,0x00000000c1191cb0,0x00000000c7680000)
 Metaspace       used 46929K, capacity 48006K, committed 48256K, reserved 1091584K
  class space    used 6450K, capacity 6751K, committed 6784K, reserved 1048576K
}

